[03:43:31] [Server thread/INFO]: Danlwlrma[/42.116.148.137:25824] logged in with entity id 129497 at (-202.80810620143637, 63.0, -1160.9749459184898)
[03:43:31] [Server thread/INFO]: Danlwlrma joined the game
[05:41:01] [Server thread/INFO]: Danlwlrma lost connection: Disconnected
[05:41:01] [Server thread/INFO]: Danlwlrma left the game
[08:19:12] [Server thread/INFO]: Gyginee[/171.236.214.136:59172] logged in with entity id 148466 at (-287.5572904666129, 64.5625, 159.49983058170434)
[08:19:12] [Server thread/INFO]: Gyginee joined the game
[08:24:19] [Server thread/INFO]: Danlwlrma[/42.116.148.137:58102] logged in with entity id 149359 at (-200.1523215512403, 63.875, -1157.1194246369541)
[08:24:19] [Server thread/INFO]: Danlwlrma joined the game
[08:50:51] [Server thread/WARN]: Mismatch in destroy block pos: gj{x=-254, y=76, z=331} gj{x=-254, y=77, z=332}
[08:55:17] [Server thread/INFO]: <Gyginee> HELLO A
[08:55:24] [Server thread/INFO]: <Danlwlrma> hola hola
[08:55:31] [Server thread/INFO]: <Gyginee> WHERE ARE U NOW
[08:55:38] [Server thread/INFO]: <Danlwlrma> -200 -1150
[08:56:00] [Server thread/INFO]: <Gyginee> -355 143
[08:56:06] [Server thread/INFO]: <Gyginee> xa phzết
[09:10:07] [Server thread/INFO]: Danlwlrma lost connection: Disconnected
[09:10:07] [Server thread/INFO]: Danlwlrma left the game
[09:53:37] [Server thread/INFO]: DinoXanh[/171.243.246.216:63953] logged in with entity id 171174 at (-7.5, 64.0, 5.5)
[09:53:37] [Server thread/INFO]: DinoXanh joined the game
[09:53:55] [Server thread/WARN]: Mismatch in destroy block pos: gj{x=-340, y=63, z=196} gj{x=-340, y=65, z=197}
[09:55:12] [Server thread/INFO]: <Gyginee> -329 147
[09:59:27] [Server thread/INFO]: DinoXanh has made the advancement [Stone Age]
[10:00:09] [Server thread/INFO]: DinoXanh has made the advancement [Suit Up]
[10:00:11] [Server thread/INFO]: DinoXanh has made the advancement [Isn't It Iron Pick]
[10:04:13] [Server thread/INFO]: DinoXanh fell from a high place
[10:08:59] [Server thread/INFO]: Gyginee was shot by Skeleton
[10:20:12] [Server thread/INFO]: DinoXanh was blown up by Creeper
[10:22:24] [Server thread/INFO]: DinoXanh has made the advancement [Getting an Upgrade]
[10:22:32] [Server thread/INFO]: Gyginee was slain by Enderman
[10:23:22] [Server thread/INFO]: Gyginee was shot by Skeleton
[10:25:20] [Server thread/INFO]: DinoXanh has made the advancement [Acquire Hardware]
[10:32:41] [Server thread/INFO]: Gyginee has made the advancement [Fishy Business]
[10:35:17] [Server thread/INFO]: DinoXanh has made the advancement [Sweet Dreams]
[10:39:26] [Server thread/INFO]: Made Gyginee a server operator
[10:39:37] [Server thread/INFO]: [Gyginee: Set own game mode to Creative Mode]
[10:43:48] [Server thread/WARN]: Gyginee moved too quickly! -0.13415288258096325,0.0,-10.879766645520931
[10:46:55] [Server thread/INFO]: [Gyginee: Teleported Gyginee to -1522.500000, 59.000000, -1892.500000]
[10:46:57] [Server thread/WARN]: Can't keep up! Is the server overloaded? Running 2144ms or 42 ticks behind
[10:47:52] [Server thread/INFO]: [Gyginee: Teleported Gyginee to DinoXanh]
[10:52:03] [Server thread/INFO]: DinoXanh has made the advancement [Monster Hunter]
[10:59:18] [Server thread/INFO]: [Gyginee: Made DinoXanh a server operator]
[11:00:31] [Server thread/INFO]: [DinoXanh: Set own game mode to Creative Mode]
[11:06:53] [Server thread/INFO]: DinoXanh has made the advancement [Voluntary Exile]
[11:43:19] [Server thread/INFO]: Gyginee has made the advancement [What a Deal!]
[11:49:57] [Server thread/INFO]: [Gyginee: Set the weather to clear]
[11:58:25] [Server thread/INFO]: [DinoXanh: Set the weather to clear]
[12:08:11] [Server thread/INFO]: [DinoXanh: Set the weather to clear]
[12:09:03] [Server thread/INFO]: [Gyginee: Removed 46 items from 2 players]
[12:09:10] [Server thread/INFO]: [Gyginee: Made DinoXanh no longer a server operator]
[12:09:17] [Server thread/INFO]: [Gyginee: Set own game mode to Survival Mode]
[12:09:22] [Server thread/INFO]: [Gyginee: Set DinoXanh's game mode to Survival Mode]
[12:09:58] [Server thread/INFO]: DinoXanh hit the ground too hard
[12:10:45] [Server thread/INFO]: DinoXanh has made the advancement [A Seedy Place]
[12:12:35] [Server thread/INFO]: [Gyginee: Removed 1546 items from player Gyginee]
[12:12:43] [Server thread/INFO]: [Gyginee: Removed 30 items from player Gyginee]
[12:13:47] [Server thread/INFO]: Gyginee lost connection: Disconnected
[12:13:47] [Server thread/INFO]: Gyginee left the game
[12:13:57] [Server thread/INFO]: DinoXanh lost connection: Disconnected
[12:13:57] [Server thread/INFO]: DinoXanh left the game
